
--------------------------------------------------
TXLib предупреждает:

Программа: C:\Users\Admin\Desktop\prodva\hashTable\build\program.exe,

ВНЕЗАПНО: Нарушение доступа к памяти.

#1: Исключение EXCEPTION_ACCESS_VIOLATION (0xC0000005) при выполнении кода по адресу 0x00007FF71BED0CB1 в функции hashTableDump() в файле C:/Users/Admin/Desktop/prodva/hashTable/src/hashTableFunctions.cpp на строке 104. Попытка прочесть данные по адресу 0x0000000000000020 в модуле C:\Users\Admin\Desktop\prodva\hashTable\build\program.exe. Спасибо _txVectoredExceptionHandler(), что сообщил. Люблю его <3

#1: TXLib [Ver: 00173a, Rev: 174, Date: 2025-08-17 06:00:49 +0400], Instance: 0x00007FF71BF0B830 (64-bit), Flags: Cmdre0, Thread: 0x2738C (Main). 

--------------------------------------------------
Стек вызовов:

# 0 0x00007FF71BED0CB1 in C:\Users\Admin\Desktop\prodva\hashTable\build\program.exe: hashTableDump() at C:/Users/Admin/Desktop/prodva/hashTable/src/hashTableFunctions.cpp:104:

    102: 
    103:     dump_t* htDump = *hashTableDumpStruct(hashTable);
=>  104:     const char* nameOfTextGraphFile = htDump->nameOfGraphFile;
    105: 
    106:     FILE* dumpFile = 0;

# 1 0x00007FF71BED665C in C:\Users\Admin\Desktop\prodva\hashTable\build\program.exe: main() at C:/Users/Admin/Desktop/prodva/hashTable/src/main.cpp:16:

     14: 
     15:     hashTableCtor (&hashTable, 100, alwaysZeroHash, &dump);
=>   16:     hashTableDump (&hashTable, "CTOR CHECK");
     17:     printf("ded");
     18:     return 0;

--------------------------------------------------
Developed with:

The Dumb Artist Library (TX Library)
TXLib [Ver: 00173a, Rev: 174, Date: 2025-08-17 06:00:49 +0400]
Copyright (C) Ded (Ilya Dedinsky, http://txlib.ru) <mail@txlib.ru>
See license on: http://txlib.ru

TXLib file:	C:\Users\Admin\Downloads\CodeBlocks\TX\TXLib.h
Compiled:	Apr 12 2026 17:44:01, GNU g++ 13.2.0, std=201703L, MinGW-W64 Runtime 11.0.1 (alpha - rev. 0) 0000-00-00, 64-bit, DEBUG
Started:	Apr 12 2026 17:44:20

Run file:	C:\Users\Admin\Desktop\prodva\hashTable\build\program.exe
Directory:	C:\Users\Admin\Desktop\prodva\hashTable

--------------------------------------------------

--------------------------------------------------
TXLib соболезнует...

Программа: C:\Users\Admin\Desktop\prodva\hashTable\build\program.exe,

ВНЕЗАПНО: signal (11, 0x00): SIGSEGV: Доступ по неверному указателю. Ставьте ассерты! 

Нарушение доступа к памяти.

#1: Исключение EXCEPTION_ACCESS_VIOLATION (0xC0000005) при выполнении кода по адресу 0x00007FF71BED0CB1 в функции hashTableDump() в файле C:/Users/Admin/Desktop/prodva/hashTable/src/hashTableFunctions.cpp на строке 104. Попытка прочесть данные по адресу 0x0000000000000020 в модуле C:\Users\Admin\Desktop\prodva\hashTable\build\program.exe. Спасибо _txVectoredExceptionHandler(), что сообщил. Люблю его <3

С помощью функции signal() вы можете сами обработать эту ошибку.

#2: TXLib [Ver: 00173a, Rev: 174, Date: 2025-08-17 06:00:49 +0400], Instance: 0x00007FF71BF0B830 (64-bit), Flags: Cmdre0, Thread: 0x2738C (Main). 

--------------------------------------------------
Стек вызовов:

# 0 0x00007FF71BED0CB1 in C:\Users\Admin\Desktop\prodva\hashTable\build\program.exe: hashTableDump() at C:/Users/Admin/Desktop/prodva/hashTable/src/hashTableFunctions.cpp:104:

    102: 
    103:     dump_t* htDump = *hashTableDumpStruct(hashTable);
=>  104:     const char* nameOfTextGraphFile = htDump->nameOfGraphFile;
    105: 
    106:     FILE* dumpFile = 0;

# 1 0x00007FF71BED665C in C:\Users\Admin\Desktop\prodva\hashTable\build\program.exe: main() at C:/Users/Admin/Desktop/prodva/hashTable/src/main.cpp:16:

     14: 
     15:     hashTableCtor (&hashTable, 100, alwaysZeroHash, &dump);
=>   16:     hashTableDump (&hashTable, "CTOR CHECK");
     17:     printf("ded");
     18:     return 0;

--------------------------------------------------
Developed with:

The Dumb Artist Library (TX Library)
TXLib [Ver: 00173a, Rev: 174, Date: 2025-08-17 06:00:49 +0400]
Copyright (C) Ded (Ilya Dedinsky, http://txlib.ru) <mail@txlib.ru>
See license on: http://txlib.ru

TXLib file:	C:\Users\Admin\Downloads\CodeBlocks\TX\TXLib.h
Compiled:	Apr 12 2026 17:44:01, GNU g++ 13.2.0, std=201703L, MinGW-W64 Runtime 11.0.1 (alpha - rev. 0) 0000-00-00, 64-bit, DEBUG
Started:	Apr 12 2026 17:44:20

Run file:	C:\Users\Admin\Desktop\prodva\hashTable\build\program.exe
Directory:	C:\Users\Admin\Desktop\prodva\hashTable

--------------------------------------------------

--------------------------------------------------
TXLib предупреждает:

Программа: C:\Users\Admin\Desktop\prodva\hashTable\build\program.exe,

ВНЕЗАПНО: Нарушение доступа к памяти.

#1: Исключение EXCEPTION_ACCESS_VIOLATION (0xC0000005) при выполнении кода по адресу 0x00007FF76AA20DB9 в функции hashTableDump() в файле C:/Users/Admin/Desktop/prodva/hashTable/src/hashTableFunctions.cpp на строке 104. Попытка прочесть данные по адресу 0x0000000000000020 в модуле C:\Users\Admin\Desktop\prodva\hashTable\build\program.exe. Спасибо _txVectoredExceptionHandler(), что сообщил. Люблю его <3

#1: TXLib [Ver: 00173a, Rev: 174, Date: 2025-08-17 06:00:49 +0400], Instance: 0x00007FF76AA5C830 (64-bit), Flags: Cmdre0, Thread: 0x29B24 (Main). 

--------------------------------------------------
Стек вызовов:

# 0 0x00007FF76AA20DB9 in C:\Users\Admin\Desktop\prodva\hashTable\build\program.exe: hashTableDump() at C:/Users/Admin/Desktop/prodva/hashTable/src/hashTableFunctions.cpp:104:

    102: $$
    103:     dump_t* htDump = *hashTableDumpStruct(hashTable);
=>  104:     const char* nameOfTextGraphFile = htDump->nameOfGraphFile;
    105: $$
    106:     FILE* dumpFile = 0;

# 1 0x00007FF76AA26EEC in C:\Users\Admin\Desktop\prodva\hashTable\build\program.exe: main() at C:/Users/Admin/Desktop/prodva/hashTable/src/main.cpp:16:

     14: 
     15:     hashTableCtor (&hashTable, 100, alwaysZeroHash, &dump);
=>   16:     hashTableDump (&hashTable, "CTOR CHECK");
     17: 
     18:     return 0;

--------------------------------------------------
Стек вызовов TX:

# 0 in void hashTableDump(hashTable_t*, const char*) at src/hashTableFunctions.cpp:102:

    100:     assert(hashTable);
    101:     assert(message);
=>  102: $$
    103:     dump_t* htDump = *hashTableDumpStruct(hashTable);
    104:     const char* nameOfTextGraphFile = htDump->nameOfGraphFile;

--------------------------------------------------
Developed with:

The Dumb Artist Library (TX Library)
TXLib [Ver: 00173a, Rev: 174, Date: 2025-08-17 06:00:49 +0400]
Copyright (C) Ded (Ilya Dedinsky, http://txlib.ru) <mail@txlib.ru>
See license on: http://txlib.ru

TXLib file:	C:\Users\Admin\Downloads\CodeBlocks\TX\TXLib.h
Compiled:	Apr 12 2026 17:54:01, GNU g++ 13.2.0, std=201703L, MinGW-W64 Runtime 11.0.1 (alpha - rev. 0) 0000-00-00, 64-bit, DEBUG
Started:	Apr 12 2026 17:54:09

Run file:	C:\Users\Admin\Desktop\prodva\hashTable\build\program.exe
Directory:	C:\Users\Admin\Desktop\prodva\hashTable

--------------------------------------------------

--------------------------------------------------
TXLib соболезнует...

Программа: C:\Users\Admin\Desktop\prodva\hashTable\build\program.exe,

ВНЕЗАПНО: signal (11, 0x00): SIGSEGV: Доступ по неверному указателю. Ставьте ассерты! 

Нарушение доступа к памяти.

#1: Исключение EXCEPTION_ACCESS_VIOLATION (0xC0000005) при выполнении кода по адресу 0x00007FF76AA20DB9 в функции hashTableDump() в файле C:/Users/Admin/Desktop/prodva/hashTable/src/hashTableFunctions.cpp на строке 104. Попытка прочесть данные по адресу 0x0000000000000020 в модуле C:\Users\Admin\Desktop\prodva\hashTable\build\program.exe. Спасибо _txVectoredExceptionHandler(), что сообщил. Люблю его <3

С помощью функции signal() вы можете сами обработать эту ошибку.

#2: TXLib [Ver: 00173a, Rev: 174, Date: 2025-08-17 06:00:49 +0400], Instance: 0x00007FF76AA5C830 (64-bit), Flags: Cmdre0, Thread: 0x29B24 (Main). 

--------------------------------------------------
Стек вызовов:

# 0 0x00007FF76AA20DB9 in C:\Users\Admin\Desktop\prodva\hashTable\build\program.exe: hashTableDump() at C:/Users/Admin/Desktop/prodva/hashTable/src/hashTableFunctions.cpp:104:

    102: $$
    103:     dump_t* htDump = *hashTableDumpStruct(hashTable);
=>  104:     const char* nameOfTextGraphFile = htDump->nameOfGraphFile;
    105: $$
    106:     FILE* dumpFile = 0;

# 1 0x00007FF76AA26EEC in C:\Users\Admin\Desktop\prodva\hashTable\build\program.exe: main() at C:/Users/Admin/Desktop/prodva/hashTable/src/main.cpp:16:

     14: 
     15:     hashTableCtor (&hashTable, 100, alwaysZeroHash, &dump);
=>   16:     hashTableDump (&hashTable, "CTOR CHECK");
     17: 
     18:     return 0;

--------------------------------------------------
Developed with:

The Dumb Artist Library (TX Library)
TXLib [Ver: 00173a, Rev: 174, Date: 2025-08-17 06:00:49 +0400]
Copyright (C) Ded (Ilya Dedinsky, http://txlib.ru) <mail@txlib.ru>
See license on: http://txlib.ru

TXLib file:	C:\Users\Admin\Downloads\CodeBlocks\TX\TXLib.h
Compiled:	Apr 12 2026 17:54:01, GNU g++ 13.2.0, std=201703L, MinGW-W64 Runtime 11.0.1 (alpha - rev. 0) 0000-00-00, 64-bit, DEBUG
Started:	Apr 12 2026 17:54:09

Run file:	C:\Users\Admin\Desktop\prodva\hashTable\build\program.exe
Directory:	C:\Users\Admin\Desktop\prodva\hashTable

--------------------------------------------------

--------------------------------------------------
TXLib соболезнует...

Программа: C:\Users\Admin\Desktop\prodva\hashTable\build\program.exe,

ВНЕЗАПНО: signal (22, 0x00): SIGABRT: Аварийное завершение программы, вызвана функция abort(). 

С помощью функции signal() вы можете сами обработать эту ошибку.

#1: TXLib [Ver: 00173a, Rev: 174, Date: 2025-08-17 06:00:49 +0400], Instance: 0x00007FF76A32C830 (64-bit), Flags: Cmdre0, Thread: 0x2A684 (Main). 

--------------------------------------------------
Стек вызовов:

# 0 0x00007FF76A2D30EC in C:\Users\Admin\Desktop\prodva\hashTable\build\program.exe: (anonymous namespace)::TX::_txError() at C:/Users/Admin/Downloads/CodeBlocks/TX/TXLib.h:11090
# 1 0x00007FF76A2D3654 in C:\Users\Admin\Desktop\prodva\hashTable\build\program.exe: (anonymous namespace)::TX::_txOnSignal() at C:/Users/Admin/Downloads/CodeBlocks/TX/TXLib.h:11171
# 2 0x00007FF94FFF1989 in C:\WINDOWS\System32\ucrtbase.dll: raise()
# 3 0x00007FF94FFD4AB1 in C:\WINDOWS\System32\ucrtbase.dll: abort()
# 4 0x00007FF94FF91049 in C:\WINDOWS\System32\ucrtbase.dll: isctype_l()
# 5 0x00007FF94FFF2AE1 in C:\WINDOWS\System32\ucrtbase.dll: assert()

# 6 0x00007FF76A2F0D3F in C:\Users\Admin\Desktop\prodva\hashTable\build\program.exe: hashTableDump() at C:/Users/Admin/Desktop/prodva/hashTable/src/hashTableFunctions.cpp:107:

    105: 
    106:     dump_t* htDump = *dumpPtr;
=>  107:     assert(htDump && "Pointer to dump_t is NULL! Ctor didn't set it!");
    108: $$
    109:     //dump_t* htDump = *hashTableDumpStruct(hashTable);

# 7 0x00007FF76A2F6F4C in C:\Users\Admin\Desktop\prodva\hashTable\build\program.exe: main() at C:/Users/Admin/Desktop/prodva/hashTable/src/main.cpp:16:

     14: 
     15:     hashTableCtor (&hashTable, 100, alwaysZeroHash, &dump);
=>   16:     hashTableDump (&hashTable, "CTOR CHECK");
     17: 
     18:     return 0;

--------------------------------------------------
Developed with:

The Dumb Artist Library (TX Library)
TXLib [Ver: 00173a, Rev: 174, Date: 2025-08-17 06:00:49 +0400]
Copyright (C) Ded (Ilya Dedinsky, http://txlib.ru) <mail@txlib.ru>
See license on: http://txlib.ru

TXLib file:	C:\Users\Admin\Downloads\CodeBlocks\TX\TXLib.h
Compiled:	Apr 12 2026 18:02:27, GNU g++ 13.2.0, std=201703L, MinGW-W64 Runtime 11.0.1 (alpha - rev. 0) 0000-00-00, 64-bit, DEBUG
Started:	Apr 12 2026 18:02:33

Run file:	C:\Users\Admin\Desktop\prodva\hashTable\build\program.exe
Directory:	C:\Users\Admin\Desktop\prodva\hashTable

--------------------------------------------------

--------------------------------------------------
TXLib соболезнует...

Программа: C:\Users\Admin\Desktop\prodva\hashTable\build\program.exe,

ВНЕЗАПНО: signal (22, 0x00): SIGABRT: Аварийное завершение программы, вызвана функция abort(). 

С помощью функции signal() вы можете сами обработать эту ошибку.

#1: TXLib [Ver: 00173a, Rev: 174, Date: 2025-08-17 06:00:49 +0400], Instance: 0x00007FF7BE11C830 (64-bit), Flags: Cmdre0, Thread: 0x2A670 (Main). 

--------------------------------------------------
Стек вызовов:

# 0 0x00007FF7BE0C30EC in C:\Users\Admin\Desktop\prodva\hashTable\build\program.exe: (anonymous namespace)::TX::_txError() at C:/Users/Admin/Downloads/CodeBlocks/TX/TXLib.h:11090
# 1 0x00007FF7BE0C3654 in C:\Users\Admin\Desktop\prodva\hashTable\build\program.exe: (anonymous namespace)::TX::_txOnSignal() at C:/Users/Admin/Downloads/CodeBlocks/TX/TXLib.h:11171
# 2 0x00007FF94FFF1989 in C:\WINDOWS\System32\ucrtbase.dll: raise()
# 3 0x00007FF94FFD4AB1 in C:\WINDOWS\System32\ucrtbase.dll: abort()
# 4 0x00007FF94FF91049 in C:\WINDOWS\System32\ucrtbase.dll: isctype_l()
# 5 0x00007FF94FFF2AE1 in C:\WINDOWS\System32\ucrtbase.dll: assert()

# 6 0x00007FF7BE0E159C in C:\Users\Admin\Desktop\prodva\hashTable\build\program.exe: hashTableDump() at C:/Users/Admin/Desktop/prodva/hashTable/src/hashTableFunctions.cpp:107:

    105: 
    106:     dump_t* htDump = *dumpPtr;
=>  107:     assert(htDump && "Pointer to dump_t is NULL! Ctor didn't set it!");
    108: $$
    109:     //dump_t* htDump = *hashTableDumpStruct(hashTable);

# 7 0x00007FF7BE0E77AC in C:\Users\Admin\Desktop\prodva\hashTable\build\program.exe: main() at C:/Users/Admin/Desktop/prodva/hashTable/src/main.cpp:16:

     14: 
     15:     hashTableCtor (&hashTable, 100, alwaysZeroHash, &dump);
=>   16:     hashTableDump (&hashTable, "CTOR CHECK");
     17: 
     18:     return 0;

--------------------------------------------------
Developed with:

The Dumb Artist Library (TX Library)
TXLib [Ver: 00173a, Rev: 174, Date: 2025-08-17 06:00:49 +0400]
Copyright (C) Ded (Ilya Dedinsky, http://txlib.ru) <mail@txlib.ru>
See license on: http://txlib.ru

TXLib file:	C:\Users\Admin\Downloads\CodeBlocks\TX\TXLib.h
Compiled:	Apr 12 2026 18:04:12, GNU g++ 13.2.0, std=201703L, MinGW-W64 Runtime 11.0.1 (alpha - rev. 0) 0000-00-00, 64-bit, DEBUG
Started:	Apr 12 2026 18:04:17

Run file:	C:\Users\Admin\Desktop\prodva\hashTable\build\program.exe
Directory:	C:\Users\Admin\Desktop\prodva\hashTable

--------------------------------------------------

--------------------------------------------------
TXLib соболезнует...

Программа: C:\Users\Admin\Desktop\prodva\hashTable\build\program.exe,

ВНЕЗАПНО: signal (22, 0x00): SIGABRT: Аварийное завершение программы, вызвана функция abort(). 

С помощью функции signal() вы можете сами обработать эту ошибку.

#1: TXLib [Ver: 00173a, Rev: 174, Date: 2025-08-17 06:00:49 +0400], Instance: 0x00007FF78AF7C830 (64-bit), Flags: Cmdre0, Thread: 0x2908C (Main). 

--------------------------------------------------
Стек вызовов:

# 0 0x00007FF78AF230EC in C:\Users\Admin\Desktop\prodva\hashTable\build\program.exe: (anonymous namespace)::TX::_txError() at C:/Users/Admin/Downloads/CodeBlocks/TX/TXLib.h:11090
# 1 0x00007FF78AF23654 in C:\Users\Admin\Desktop\prodva\hashTable\build\program.exe: (anonymous namespace)::TX::_txOnSignal() at C:/Users/Admin/Downloads/CodeBlocks/TX/TXLib.h:11171
# 2 0x00007FF94FFF1989 in C:\WINDOWS\System32\ucrtbase.dll: raise()
# 3 0x00007FF94FFD4AB1 in C:\WINDOWS\System32\ucrtbase.dll: abort()
# 4 0x00007FF94FF91049 in C:\WINDOWS\System32\ucrtbase.dll: isctype_l()
# 5 0x00007FF94FFF2AE1 in C:\WINDOWS\System32\ucrtbase.dll: assert()

# 6 0x00007FF78AF4156E in C:\Users\Admin\Desktop\prodva\hashTable\build\program.exe: hashTableDump() at C:/Users/Admin/Desktop/prodva/hashTable/src/hashTableFunctions.cpp:107:

    105: 
    106:     dump_t* htDump = *dumpPtr;
=>  107:     assert(htDump && "Pointer to dump_t is NULL! Ctor didn't set it!");
    108: $$
    109:     //dump_t* htDump = *hashTableDumpStruct(hashTable);

# 7 0x00007FF78AF4777C in C:\Users\Admin\Desktop\prodva\hashTable\build\program.exe: main() at C:/Users/Admin/Desktop/prodva/hashTable/src/main.cpp:16:

     14: 
     15:     hashTableCtor (&hashTable, 100, alwaysZeroHash, &dump);
=>   16:     hashTableDump (&hashTable, "CTOR CHECK");
     17: 
     18:     return 0;

--------------------------------------------------
Developed with:

The Dumb Artist Library (TX Library)
TXLib [Ver: 00173a, Rev: 174, Date: 2025-08-17 06:00:49 +0400]
Copyright (C) Ded (Ilya Dedinsky, http://txlib.ru) <mail@txlib.ru>
See license on: http://txlib.ru

TXLib file:	C:\Users\Admin\Downloads\CodeBlocks\TX\TXLib.h
Compiled:	Apr 12 2026 18:07:00, GNU g++ 13.2.0, std=201703L, MinGW-W64 Runtime 11.0.1 (alpha - rev. 0) 0000-00-00, 64-bit, DEBUG
Started:	Apr 12 2026 18:07:13

Run file:	C:\Users\Admin\Desktop\prodva\hashTable\build\program.exe
Directory:	C:\Users\Admin\Desktop\prodva\hashTable

--------------------------------------------------

--------------------------------------------------
TXLib соболезнует...

Программа: C:\Users\Admin\Desktop\prodva\hashTable\build\program.exe,

ВНЕЗАПНО: signal (22, 0x00): SIGABRT: Аварийное завершение программы, вызвана функция abort(). 

С помощью функции signal() вы можете сами обработать эту ошибку.

#1: TXLib [Ver: 00173a, Rev: 174, Date: 2025-08-17 06:00:49 +0400], Instance: 0x00007FF6DB841050 (64-bit), Flags: Cmdre0, Thread: 0x2B378 (Main), GetLastError(): 126 (РќРµ РЅР°Р№РґРµРЅ СѓРєР°Р·Р°РЅРЅС‹Р№ РјРѕРґСѓР»СЊ). 

--------------------------------------------------
Стек вызовов:

# 0 0x00007FF6DB7A5E8C in C:\Users\Admin\Desktop\prodva\hashTable\build\program.exe: (anonymous namespace)::TX::_txError() at C:/Users/Admin/Downloads/CodeBlocks/TX/TXLib.h:11090
# 1 0x00007FF6DB7A63F4 in C:\Users\Admin\Desktop\prodva\hashTable\build\program.exe: (anonymous namespace)::TX::_txOnSignal() at C:/Users/Admin/Downloads/CodeBlocks/TX/TXLib.h:11171
# 2 0x00007FF94FFF1989 in C:\WINDOWS\System32\ucrtbase.dll: raise()
# 3 0x00007FF94FFD4AB1 in C:\WINDOWS\System32\ucrtbase.dll: abort()
# 4 0x00007FF94FF91049 in C:\WINDOWS\System32\ucrtbase.dll: isctype_l()
# 5 0x00007FF94FFF2AE1 in C:\WINDOWS\System32\ucrtbase.dll: assert()

# 6 0x00007FF6DB79156E in C:\Users\Admin\Desktop\prodva\hashTable\build\program.exe: hashTableDump() at C:/Users/Admin/Desktop/prodva/hashTable/src/hashTableFunctions.cpp:107:

    105: 
    106:     dump_t* htDump = *dumpPtr;
=>  107:     assert(htDump && "Pointer to dump_t is NULL! Ctor didn't set it!");
    108: $$
    109:     //dump_t* htDump = *hashTableDumpStruct(hashTable);

# 7 0x00007FF6DB7C818C in C:\Users\Admin\Desktop\prodva\hashTable\build\program.exe: main() at C:/Users/Admin/Desktop/prodva/hashTable/src/main.cpp:16:

     14: 
     15:     hashTableCtor (&hashTable, 100, alwaysZeroHash, &dump);
=>   16:     hashTableDump (&hashTable, "CTOR CHECK");
     17: 
     18:     return 0;

--------------------------------------------------
Developed with:

The Dumb Artist Library (TX Library)
TXLib [Ver: 00173a, Rev: 174, Date: 2025-08-17 06:00:49 +0400]
Copyright (C) Ded (Ilya Dedinsky, http://txlib.ru) <mail@txlib.ru>
See license on: http://txlib.ru

TXLib file:	C:\Users\Admin\Downloads\CodeBlocks\TX\TXLib.h
Compiled:	Apr 12 2026 18:08:47, GNU g++ 13.2.0, std=201703L, MinGW-W64 Runtime 11.0.1 (alpha - rev. 0) 0000-00-00, 64-bit, DEBUG
Started:	Apr 12 2026 18:08:52

Run file:	C:\Users\Admin\Desktop\prodva\hashTable\build\program.exe
Directory:	C:\Users\Admin\Desktop\prodva\hashTable

--------------------------------------------------

--------------------------------------------------
TXLib соболезнует...

Программа: C:\Users\Admin\Desktop\prodva\hashTable\build\program.exe,

ВНЕЗАПНО: signal (22, 0x00): SIGABRT: Аварийное завершение программы, вызвана функция abort(). 

С помощью функции signal() вы можете сами обработать эту ошибку.

#1: TXLib [Ver: 00173a, Rev: 174, Date: 2025-08-17 06:00:49 +0400], Instance: 0x00007FF64DC72050 (64-bit), Flags: Cmdre0, Thread: 0x2AC54 (Main), GetLastError(): 126 (РќРµ РЅР°Р№РґРµРЅ СѓРєР°Р·Р°РЅРЅС‹Р№ РјРѕРґСѓР»СЊ). 

--------------------------------------------------
Стек вызовов:

# 0 0x00007FF64DBD5E8C in C:\Users\Admin\Desktop\prodva\hashTable\build\program.exe: (anonymous namespace)::TX::_txError() at C:/Users/Admin/Downloads/CodeBlocks/TX/TXLib.h:11090
# 1 0x00007FF64DBD63F4 in C:\Users\Admin\Desktop\prodva\hashTable\build\program.exe: (anonymous namespace)::TX::_txOnSignal() at C:/Users/Admin/Downloads/CodeBlocks/TX/TXLib.h:11171
# 2 0x00007FF94FFF1989 in C:\WINDOWS\System32\ucrtbase.dll: raise()
# 3 0x00007FF94FFD4AB1 in C:\WINDOWS\System32\ucrtbase.dll: abort()
# 4 0x00007FF94FF91049 in C:\WINDOWS\System32\ucrtbase.dll: isctype_l()
# 5 0x00007FF94FFF2AE1 in C:\WINDOWS\System32\ucrtbase.dll: assert()

# 6 0x00007FF64DBC156E in C:\Users\Admin\Desktop\prodva\hashTable\build\program.exe: hashTableDump() at C:/Users/Admin/Desktop/prodva/hashTable/src/hashTableFunctions.cpp:107:

    105: 
    106:     dump_t* htDump = *dumpPtr;
=>  107:     assert(htDump && "Pointer to dump_t is NULL! Ctor didn't set it!");
    108: $$
    109:     //dump_t* htDump = *hashTableDumpStruct(hashTable);

# 7 0x00007FF64DBF8BDC in C:\Users\Admin\Desktop\prodva\hashTable\build\program.exe: main() at C:/Users/Admin/Desktop/prodva/hashTable/src/main.cpp:16:

     14: 
     15:     hashTableCtor (&hashTable, 100, alwaysZeroHash, &dump);
=>   16:     hashTableDump (&hashTable, "CTOR CHECK");
     17: 
     18:     return 0;

--------------------------------------------------
Developed with:

The Dumb Artist Library (TX Library)
TXLib [Ver: 00173a, Rev: 174, Date: 2025-08-17 06:00:49 +0400]
Copyright (C) Ded (Ilya Dedinsky, http://txlib.ru) <mail@txlib.ru>
See license on: http://txlib.ru

TXLib file:	C:\Users\Admin\Downloads\CodeBlocks\TX\TXLib.h
Compiled:	Apr 12 2026 18:14:10, GNU g++ 13.2.0, std=201703L, MinGW-W64 Runtime 11.0.1 (alpha - rev. 0) 0000-00-00, 64-bit, DEBUG
Started:	Apr 12 2026 18:14:16

Run file:	C:\Users\Admin\Desktop\prodva\hashTable\build\program.exe
Directory:	C:\Users\Admin\Desktop\prodva\hashTable

--------------------------------------------------

--------------------------------------------------
TXLib предупреждает:

Программа: C:\Users\Admin\Desktop\prodva\hashTable\build\program.exe,

ВНЕЗАПНО: Нарушение доступа к памяти.

#1: Исключение EXCEPTION_ACCESS_VIOLATION (0xC0000005) при выполнении кода по адресу 0x00007FF7275B1B83 в функции hashTableDump() в файле C:/Users/Admin/Desktop/prodva/hashTable/src/hashTableFunctions.cpp на строке 133. Попытка прочесть данные по адресу 0x0000000000000018 в модуле C:\Users\Admin\Desktop\prodva\hashTable\build\program.exe. Спасибо _txVectoredExceptionHandler(), что сообщил. Люблю его <3

#1: TXLib [Ver: 00173a, Rev: 174, Date: 2025-08-17 06:00:49 +0400], Instance: 0x00007FF727661050 (64-bit), Flags: Cmdre0, Thread: 0x278F0 (Main). 

--------------------------------------------------
Стек вызовов:

# 0 0x00007FF7275B1B83 in C:\Users\Admin\Desktop\prodva\hashTable\build\program.exe: hashTableDump() at C:/Users/Admin/Desktop/prodva/hashTable/src/hashTableFunctions.cpp:133:

    131: $$
    132:     info_t* htInfo = *hashTableInfoStruct(hashTable);
=>  133:     fprintf(dumpFile, "hashTable \"%s\" [%p] from %s at %s:%d\n\n",
    134:     htInfo->name, hashTable, htInfo->nameOfFunc, htInfo->nameOfFile, htInfo->numOfLine);
    135: $$

# 1 0x00007FF7275E815C in C:\Users\Admin\Desktop\prodva\hashTable\build\program.exe: main() at C:/Users/Admin/Desktop/prodva/hashTable/src/main.cpp:16:

     14: 
     15:     hashTableCtor (&hashTable, 100, alwaysZeroHash, &dump);
=>   16:     hashTableDump (&hashTable, "CTOR CHECK");
     17: 
     18:     return 0;

--------------------------------------------------
Стек вызовов TX:

# 0 in int listCtor(list_t*, ssize_t, info_t) at src/listFunctions.cpp:47:

     45:     lst->errorCode = lstNO_ERRORS;
     46:     listVerifier(lst);
=>   47: $$
     48:     return lst->errorCode;
     49: }

--------------------------------------------------
Developed with:

The Dumb Artist Library (TX Library)
TXLib [Ver: 00173a, Rev: 174, Date: 2025-08-17 06:00:49 +0400]
Copyright (C) Ded (Ilya Dedinsky, http://txlib.ru) <mail@txlib.ru>
See license on: http://txlib.ru

TXLib file:	C:\Users\Admin\Downloads\CodeBlocks\TX\TXLib.h
Compiled:	Apr 12 2026 18:16:57, GNU g++ 13.2.0, std=201703L, MinGW-W64 Runtime 11.0.1 (alpha - rev. 0) 0000-00-00, 64-bit, DEBUG
Started:	Apr 12 2026 18:17:02

Run file:	C:\Users\Admin\Desktop\prodva\hashTable\build\program.exe
Directory:	C:\Users\Admin\Desktop\prodva\hashTable

--------------------------------------------------

--------------------------------------------------
TXLib соболезнует...

Программа: C:\Users\Admin\Desktop\prodva\hashTable\build\program.exe,

ВНЕЗАПНО: signal (11, 0x00): SIGSEGV: Доступ по неверному указателю. Ставьте ассерты! 

Нарушение доступа к памяти.

#1: Исключение EXCEPTION_ACCESS_VIOLATION (0xC0000005) при выполнении кода по адресу 0x00007FF7275B1B83 в функции hashTableDump() в файле C:/Users/Admin/Desktop/prodva/hashTable/src/hashTableFunctions.cpp на строке 133. Попытка прочесть данные по адресу 0x0000000000000018 в модуле C:\Users\Admin\Desktop\prodva\hashTable\build\program.exe. Спасибо _txVectoredExceptionHandler(), что сообщил. Люблю его <3

С помощью функции signal() вы можете сами обработать эту ошибку.

#2: TXLib [Ver: 00173a, Rev: 174, Date: 2025-08-17 06:00:49 +0400], Instance: 0x00007FF727661050 (64-bit), Flags: Cmdre0, Thread: 0x278F0 (Main). 

--------------------------------------------------
Стек вызовов:

# 0 0x00007FF7275B1B83 in C:\Users\Admin\Desktop\prodva\hashTable\build\program.exe: hashTableDump() at C:/Users/Admin/Desktop/prodva/hashTable/src/hashTableFunctions.cpp:133:

    131: $$
    132:     info_t* htInfo = *hashTableInfoStruct(hashTable);
=>  133:     fprintf(dumpFile, "hashTable \"%s\" [%p] from %s at %s:%d\n\n",
    134:     htInfo->name, hashTable, htInfo->nameOfFunc, htInfo->nameOfFile, htInfo->numOfLine);
    135: $$

# 1 0x00007FF7275E815C in C:\Users\Admin\Desktop\prodva\hashTable\build\program.exe: main() at C:/Users/Admin/Desktop/prodva/hashTable/src/main.cpp:16:

     14: 
     15:     hashTableCtor (&hashTable, 100, alwaysZeroHash, &dump);
=>   16:     hashTableDump (&hashTable, "CTOR CHECK");
     17: 
     18:     return 0;

--------------------------------------------------
Developed with:

The Dumb Artist Library (TX Library)
TXLib [Ver: 00173a, Rev: 174, Date: 2025-08-17 06:00:49 +0400]
Copyright (C) Ded (Ilya Dedinsky, http://txlib.ru) <mail@txlib.ru>
See license on: http://txlib.ru

TXLib file:	C:\Users\Admin\Downloads\CodeBlocks\TX\TXLib.h
Compiled:	Apr 12 2026 18:16:57, GNU g++ 13.2.0, std=201703L, MinGW-W64 Runtime 11.0.1 (alpha - rev. 0) 0000-00-00, 64-bit, DEBUG
Started:	Apr 12 2026 18:17:02

Run file:	C:\Users\Admin\Desktop\prodva\hashTable\build\program.exe
Directory:	C:\Users\Admin\Desktop\prodva\hashTable

--------------------------------------------------

--------------------------------------------------
TXLib предупреждает:

Программа: C:\Users\Admin\Desktop\prodva\hashTable\build\program.exe,

ВНЕЗАПНО: Нарушение доступа к памяти.

#1: Исключение EXCEPTION_ACCESS_VIOLATION (0xC0000005) при выполнении кода по адресу 0x00007FF7131E486F в функции fprintfCurrentListGraph() в файле C:/Users/Admin/Desktop/prodva/hashTable/src/listFunctions.cpp на строке 227. Попытка прочесть данные по адресу NULL в модуле C:\Users\Admin\Desktop\prodva\hashTable\build\program.exe. Спасибо _txVectoredExceptionHandler(), что сообщил. Люблю его <3

#1: TXLib [Ver: 00173a, Rev: 174, Date: 2025-08-17 06:00:49 +0400], Instance: 0x00007FF713261050 (64-bit), Flags: Cmdre0, Thread: 0x2CCD4 (Main), GetLastError(): 183 (РќРµРІРѕР·РјРѕР¶РЅРѕ СЃРѕР·РґР°С‚СЊ С„Р°Р№Р», С‚Р°Рє РєР°Рє РѕРЅ СѓР¶Рµ СЃСѓС‰РµСЃС‚РІСѓРµС‚). 

--------------------------------------------------
Стек вызовов:

# 0 0x00007FF7131E486F in C:\Users\Admin\Desktop\prodva\hashTable\build\program.exe: fprintfCurrentListGraph() at C:/Users/Admin/Desktop/prodva/hashTable/src/listFunctions.cpp:227:

    225:     size_t freeListCounter = 0;
    226:     for (size_t numOfNode = *(listFree(lst));
=>  227:         (*(listNext(lst, numOfNode)) != 0) && (*(listFree(lst)) != 0) && (freeListCounter <= (*(listCapacity(lst)) - *(listSize(lst))));
    228:         numOfNode = *(listNext(lst, numOfNode)), freeListCounter++)
    229:         fprintf(graphFile, "    node%llu_%llu -> node%d_%llu [color = gray];\n", numOfNode, numOfList, *(listNext(lst, numOfNode)), numOfList);

# 1 0x00007FF7131E41C7 in C:\Users\Admin\Desktop\prodva\hashTable\build\program.exe: fprintfLstGraphDump() at C:/Users/Admin/Desktop/prodva/hashTable/src/listFunctions.cpp:136:

    134:     fprintf(graphFile, "    node [shape = Mrecord, color = black];\n");
    135: 
=>  136:     fprintfCurrentListGraph(lst, 0, graphFile);
    137: 
    138:     fprintf(graphFile, "    head [shape = box3d, label=\"HEAD\", style = filled, fillcolor = \"#79D47F\", color = black];\n");

# 2 0x00007FF7131E4FB3 in C:\Users\Admin\Desktop\prodva\hashTable\build\program.exe: createLstGraphImageForDump() at C:/Users/Admin/Desktop/prodva/hashTable/src/listFunctions.cpp:329:

    327:     graphImageCounter++;
    328: 
=>  329:     fprintfLstGraphDump (lst, nameOfTextGraphFile);
    330: 
    331:     char graphvizCallCommand[STR_SIZE] = {};

# 3 0x00007FF7131B23E5 in C:\Users\Admin\Desktop\prodva\hashTable\build\program.exe: fprintfHashTableErrorsForDump() at C:/Users/Admin/Desktop/prodva/hashTable/src/hashTableFunctions.cpp:208:

    206:         if(!(curList->errorCode & -lstBAD_CAPACITY)) {
    207:             fprintfListDataForDump (curList, dumpFile);
=>  208:             createLstGraphImageForDump (curList, dumpFile, (*hashTableDumpStruct(hashTable))->nameOfGraphFile);
    209:         }
    210:     }

# 4 0x00007FF7131B1CF6 in C:\Users\Admin\Desktop\prodva\hashTable\build\program.exe: hashTableDump() at C:/Users/Admin/Desktop/prodva/hashTable/src/hashTableFunctions.cpp:140:

    138: $$
    139:     fprintfHashTableDataForDump(hashTable, dumpFile);
=>  140:     fprintfHashTableErrorsForDump(hashTable, dumpFile);
    141: $$
    142:     createHtGraphImageForDump(hashTable, dumpFile, nameOfTextGraphFile);

# 5 0x00007FF7131E81F1 in C:\Users\Admin\Desktop\prodva\hashTable\build\program.exe: main() at C:/Users/Admin/Desktop/prodva/hashTable/src/main.cpp:17:

     15:     //hashTableCtor (&hashTable, 100, alwaysZeroHash, &dump);
     16:     HASH_TABLE_CTOR(hashTable, 100, alwaysZeroHash, &dump);
=>   17:     hashTableDump (&hashTable, "CTOR CHECK");
     18: 
     19:     return 0;

--------------------------------------------------
Стек вызовов TX:

# 0 in int listCtor(list_t*, ssize_t, info_t) at src/listFunctions.cpp:47:

     45:     lst->errorCode = lstNO_ERRORS;
     46:     listVerifier(lst);
=>   47: $$
     48:     return lst->errorCode;
     49: }

--------------------------------------------------
Developed with:

The Dumb Artist Library (TX Library)
TXLib [Ver: 00173a, Rev: 174, Date: 2025-08-17 06:00:49 +0400]
Copyright (C) Ded (Ilya Dedinsky, http://txlib.ru) <mail@txlib.ru>
See license on: http://txlib.ru

TXLib file:	C:\Users\Admin\Downloads\CodeBlocks\TX\TXLib.h
Compiled:	Apr 12 2026 18:16:57, GNU g++ 13.2.0, std=201703L, MinGW-W64 Runtime 11.0.1 (alpha - rev. 0) 0000-00-00, 64-bit, DEBUG
Started:	Apr 12 2026 18:27:09

Run file:	C:\Users\Admin\Desktop\prodva\hashTable\build\program.exe
Directory:	C:\Users\Admin\Desktop\prodva\hashTable

--------------------------------------------------

--------------------------------------------------
TXLib соболезнует...

Программа: C:\Users\Admin\Desktop\prodva\hashTable\build\program.exe,

ВНЕЗАПНО: signal (11, 0x00): SIGSEGV: Доступ по неверному указателю. Ставьте ассерты! 

Нарушение доступа к памяти.

#1: Исключение EXCEPTION_ACCESS_VIOLATION (0xC0000005) при выполнении кода по адресу 0x00007FF7131E486F в функции fprintfCurrentListGraph() в файле C:/Users/Admin/Desktop/prodva/hashTable/src/listFunctions.cpp на строке 227. Попытка прочесть данные по адресу NULL в модуле C:\Users\Admin\Desktop\prodva\hashTable\build\program.exe. Спасибо _txVectoredExceptionHandler(), что сообщил. Люблю его <3

С помощью функции signal() вы можете сами обработать эту ошибку.

#2: TXLib [Ver: 00173a, Rev: 174, Date: 2025-08-17 06:00:49 +0400], Instance: 0x00007FF713261050 (64-bit), Flags: Cmdre0, Thread: 0x2CCD4 (Main), GetLastError(): 183 (РќРµРІРѕР·РјРѕР¶РЅРѕ СЃРѕР·РґР°С‚СЊ С„Р°Р№Р», С‚Р°Рє РєР°Рє РѕРЅ СѓР¶Рµ СЃСѓС‰РµСЃС‚РІСѓРµС‚). 

--------------------------------------------------
Стек вызовов:

# 0 0x00007FF7131E486F in C:\Users\Admin\Desktop\prodva\hashTable\build\program.exe: fprintfCurrentListGraph() at C:/Users/Admin/Desktop/prodva/hashTable/src/listFunctions.cpp:227:

    225:     size_t freeListCounter = 0;
    226:     for (size_t numOfNode = *(listFree(lst));
=>  227:         (*(listNext(lst, numOfNode)) != 0) && (*(listFree(lst)) != 0) && (freeListCounter <= (*(listCapacity(lst)) - *(listSize(lst))));
    228:         numOfNode = *(listNext(lst, numOfNode)), freeListCounter++)
    229:         fprintf(graphFile, "    node%llu_%llu -> node%d_%llu [color = gray];\n", numOfNode, numOfList, *(listNext(lst, numOfNode)), numOfList);

# 1 0x00007FF7131E41C7 in C:\Users\Admin\Desktop\prodva\hashTable\build\program.exe: fprintfLstGraphDump() at C:/Users/Admin/Desktop/prodva/hashTable/src/listFunctions.cpp:136:

    134:     fprintf(graphFile, "    node [shape = Mrecord, color = black];\n");
    135: 
=>  136:     fprintfCurrentListGraph(lst, 0, graphFile);
    137: 
    138:     fprintf(graphFile, "    head [shape = box3d, label=\"HEAD\", style = filled, fillcolor = \"#79D47F\", color = black];\n");

# 2 0x00007FF7131E4FB3 in C:\Users\Admin\Desktop\prodva\hashTable\build\program.exe: createLstGraphImageForDump() at C:/Users/Admin/Desktop/prodva/hashTable/src/listFunctions.cpp:329:

    327:     graphImageCounter++;
    328: 
=>  329:     fprintfLstGraphDump (lst, nameOfTextGraphFile);
    330: 
    331:     char graphvizCallCommand[STR_SIZE] = {};

# 3 0x00007FF7131B23E5 in C:\Users\Admin\Desktop\prodva\hashTable\build\program.exe: fprintfHashTableErrorsForDump() at C:/Users/Admin/Desktop/prodva/hashTable/src/hashTableFunctions.cpp:208:

    206:         if(!(curList->errorCode & -lstBAD_CAPACITY)) {
    207:             fprintfListDataForDump (curList, dumpFile);
=>  208:             createLstGraphImageForDump (curList, dumpFile, (*hashTableDumpStruct(hashTable))->nameOfGraphFile);
    209:         }
    210:     }

# 4 0x00007FF7131B1CF6 in C:\Users\Admin\Desktop\prodva\hashTable\build\program.exe: hashTableDump() at C:/Users/Admin/Desktop/prodva/hashTable/src/hashTableFunctions.cpp:140:

    138: $$
    139:     fprintfHashTableDataForDump(hashTable, dumpFile);
=>  140:     fprintfHashTableErrorsForDump(hashTable, dumpFile);
    141: $$
    142:     createHtGraphImageForDump(hashTable, dumpFile, nameOfTextGraphFile);

# 5 0x00007FF7131E81F1 in C:\Users\Admin\Desktop\prodva\hashTable\build\program.exe: main() at C:/Users/Admin/Desktop/prodva/hashTable/src/main.cpp:17:

     15:     //hashTableCtor (&hashTable, 100, alwaysZeroHash, &dump);
     16:     HASH_TABLE_CTOR(hashTable, 100, alwaysZeroHash, &dump);
=>   17:     hashTableDump (&hashTable, "CTOR CHECK");
     18: 
     19:     return 0;

--------------------------------------------------
Developed with:

The Dumb Artist Library (TX Library)
TXLib [Ver: 00173a, Rev: 174, Date: 2025-08-17 06:00:49 +0400]
Copyright (C) Ded (Ilya Dedinsky, http://txlib.ru) <mail@txlib.ru>
See license on: http://txlib.ru

TXLib file:	C:\Users\Admin\Downloads\CodeBlocks\TX\TXLib.h
Compiled:	Apr 12 2026 18:16:57, GNU g++ 13.2.0, std=201703L, MinGW-W64 Runtime 11.0.1 (alpha - rev. 0) 0000-00-00, 64-bit, DEBUG
Started:	Apr 12 2026 18:27:09

Run file:	C:\Users\Admin\Desktop\prodva\hashTable\build\program.exe
Directory:	C:\Users\Admin\Desktop\prodva\hashTable

--------------------------------------------------

--------------------------------------------------
TXLib предупреждает:

Программа: C:\Users\Admin\Desktop\prodva\hashTable\build\program.exe,

ВНЕЗАПНО: Нарушение доступа к памяти.

#1: Исключение EXCEPTION_ACCESS_VIOLATION (0xC0000005) при выполнении кода по адресу 0x00007FF66D041701 в функции sumASCIIcodes() в файле C:/Users/Admin/Desktop/prodva/hashTable/src/hashFunctions.cpp на строке 14. Попытка прочесть данные по адресу 0x000000BDF2600000 в модуле C:\Users\Admin\Desktop\prodva\hashTable\build\program.exe. Спасибо _txVectoredExceptionHandler(), что сообщил. Люблю его <3

#1: TXLib [Ver: 00173a, Rev: 174, Date: 2025-08-17 06:00:49 +0400], Instance: 0x00007FF66D0A3850 (64-bit), Flags: Cmdre0, Thread: 0x3A5B8 (Main). 

--------------------------------------------------
Стек вызовов:

# 0 0x00007FF66D041701 in C:\Users\Admin\Desktop\prodva\hashTable\build\program.exe: sumASCIIcodes() at C:/Users/Admin/Desktop/prodva/hashTable/src/hashFunctions.cpp:14:

     12:     uint64_t hash = 0;
     13:     for (const char* bufPos = str; bufPos++; *bufPos != '\0')
=>   14:         hash += (uint64_t)*bufPos;
     15: 
     16:     return hash;

# 1 0x00007FF66D042ADD in C:\Users\Admin\Desktop\prodva\hashTable\build\program.exe: fillHashTable() at C:/Users/Admin/Desktop/prodva/hashTable/src/hashTableFunctions.cpp:312:

    310:         if (wordLen == MAX_WORD_LENGTH) wordBuf[MAX_WORD_LENGTH - 1] = '\0';
    311: 
=>  312:         uint64_t wordHash = hashFunction(wordBuf);
    313:         list_t* curList = *hashTableList(hashTable, wordHash);
    314: 

# 2 0x00007FF66D076811 in C:\Users\Admin\Desktop\prodva\hashTable\build\program.exe: main() at C:/Users/Admin/Desktop/prodva/hashTable/src/main.cpp:16:

     14: 
     15:     HASH_TABLE_CTOR(hashTable, 100, sumASCIIcodes, &dump);
=>   16:     fillHashTable(&hashTable, "warAndPeace.txt");
     17: 
     18:     return 0;

--------------------------------------------------
Developed with:

The Dumb Artist Library (TX Library)
TXLib [Ver: 00173a, Rev: 174, Date: 2025-08-17 06:00:49 +0400]
Copyright (C) Ded (Ilya Dedinsky, http://txlib.ru) <mail@txlib.ru>
See license on: http://txlib.ru

TXLib file:	C:\Users\Admin\Downloads\CodeBlocks\TX\TXLib.h
Compiled:	Apr 12 2026 20:24:38, GNU g++ 13.2.0, std=201703L, MinGW-W64 Runtime 11.0.1 (alpha - rev. 0) 0000-00-00, 64-bit, DEBUG
Started:	Apr 12 2026 20:59:02

Run file:	C:\Users\Admin\Desktop\prodva\hashTable\build\program.exe
Directory:	C:\Users\Admin\Desktop\prodva\hashTable

--------------------------------------------------

--------------------------------------------------
TXLib соболезнует...

Программа: C:\Users\Admin\Desktop\prodva\hashTable\build\program.exe,

ВНЕЗАПНО: signal (11, 0x00): SIGSEGV: Доступ по неверному указателю. Ставьте ассерты! 

Нарушение доступа к памяти.

#1: Исключение EXCEPTION_ACCESS_VIOLATION (0xC0000005) при выполнении кода по адресу 0x00007FF66D041701 в функции sumASCIIcodes() в файле C:/Users/Admin/Desktop/prodva/hashTable/src/hashFunctions.cpp на строке 14. Попытка прочесть данные по адресу 0x000000BDF2600000 в модуле C:\Users\Admin\Desktop\prodva\hashTable\build\program.exe. Спасибо _txVectoredExceptionHandler(), что сообщил. Люблю его <3

С помощью функции signal() вы можете сами обработать эту ошибку.

#2: TXLib [Ver: 00173a, Rev: 174, Date: 2025-08-17 06:00:49 +0400], Instance: 0x00007FF66D0A3850 (64-bit), Flags: Cmdre0, Thread: 0x3A5B8 (Main). 

--------------------------------------------------
Стек вызовов:

# 0 0x00007FF66D041701 in C:\Users\Admin\Desktop\prodva\hashTable\build\program.exe: sumASCIIcodes() at C:/Users/Admin/Desktop/prodva/hashTable/src/hashFunctions.cpp:14:

     12:     uint64_t hash = 0;
     13:     for (const char* bufPos = str; bufPos++; *bufPos != '\0')
=>   14:         hash += (uint64_t)*bufPos;
     15: 
     16:     return hash;

# 1 0x00007FF66D042ADD in C:\Users\Admin\Desktop\prodva\hashTable\build\program.exe: fillHashTable() at C:/Users/Admin/Desktop/prodva/hashTable/src/hashTableFunctions.cpp:312:

    310:         if (wordLen == MAX_WORD_LENGTH) wordBuf[MAX_WORD_LENGTH - 1] = '\0';
    311: 
=>  312:         uint64_t wordHash = hashFunction(wordBuf);
    313:         list_t* curList = *hashTableList(hashTable, wordHash);
    314: 

# 2 0x00007FF66D076811 in C:\Users\Admin\Desktop\prodva\hashTable\build\program.exe: main() at C:/Users/Admin/Desktop/prodva/hashTable/src/main.cpp:16:

     14: 
     15:     HASH_TABLE_CTOR(hashTable, 100, sumASCIIcodes, &dump);
=>   16:     fillHashTable(&hashTable, "warAndPeace.txt");
     17: 
     18:     return 0;

--------------------------------------------------
Developed with:

The Dumb Artist Library (TX Library)
TXLib [Ver: 00173a, Rev: 174, Date: 2025-08-17 06:00:49 +0400]
Copyright (C) Ded (Ilya Dedinsky, http://txlib.ru) <mail@txlib.ru>
See license on: http://txlib.ru

TXLib file:	C:\Users\Admin\Downloads\CodeBlocks\TX\TXLib.h
Compiled:	Apr 12 2026 20:24:38, GNU g++ 13.2.0, std=201703L, MinGW-W64 Runtime 11.0.1 (alpha - rev. 0) 0000-00-00, 64-bit, DEBUG
Started:	Apr 12 2026 20:59:02

Run file:	C:\Users\Admin\Desktop\prodva\hashTable\build\program.exe
Directory:	C:\Users\Admin\Desktop\prodva\hashTable

--------------------------------------------------

--------------------------------------------------
TXLib предупреждает:

Программа: C:\Users\Admin\Desktop\prodva\hashTable\build\program.exe,

ВНЕЗАПНО: Нарушение доступа к памяти.

#1: Исключение EXCEPTION_ACCESS_VIOLATION (0xC0000005) при выполнении кода по адресу 0x00007FF71DFB685A в функции listHead() в файле C:/Users/Admin/Desktop/prodva/hashTable/src/structAccessFuctions.cpp на строке 9. Попытка прочесть данные по адресу 0x0000000000000004 в модуле C:\Users\Admin\Desktop\prodva\hashTable\build\program.exe. Спасибо _txVectoredExceptionHandler(), что сообщил. Люблю его <3

#1: TXLib [Ver: 00173a, Rev: 174, Date: 2025-08-17 06:00:49 +0400], Instance: 0x00007FF71DFE3850 (64-bit), Flags: Cmdre0, Thread: 0x37F08 (Main). 

--------------------------------------------------
Стек вызовов:

# 0 0x00007FF71DFB685A in C:\Users\Admin\Desktop\prodva\hashTable\build\program.exe: listHead() at C:/Users/Admin/Desktop/prodva/hashTable/src/structAccessFuctions.cpp:9:

      7: int* listHead (list_t* lst) {
      8:     assert(lst);
=>    9:     return &(((lst->nodeArr)[0]).next);
     10: }
     11: 

# 1 0x00007FF71DFB5165 in C:\Users\Admin\Desktop\prodva\hashTable\build\program.exe: findWordInList() at C:/Users/Admin/Desktop/prodva/hashTable/src/listFunctions.cpp:860:

    858:     assert(searchWord);
    859: 
=>  860:     for (int curNode = *listHead(lst); curNode != 0; curNode = *listNext(lst, curNode)) {
    861:         if (wordLen != *listNodeWordLen(lst, (size_t)curNode)) continue;
    862: 

# 2 0x00007FF71DF82B11 in C:\Users\Admin\Desktop\prodva\hashTable\build\program.exe: fillHashTable() at C:/Users/Admin/Desktop/prodva/hashTable/src/hashTableFunctions.cpp:315:

    313:         list_t* curList = *hashTableList(hashTable, wordHash);
    314: 
=>  315:         int wordNodeNum = findWordInList(curList, wordBuf, wordLen);
    316: 
    317:         if (wordNodeNum == CAN_NOT_FIND_WORD) {

# 3 0x00007FF71DFB6811 in C:\Users\Admin\Desktop\prodva\hashTable\build\program.exe: main() at C:/Users/Admin/Desktop/prodva/hashTable/src/main.cpp:16:

     14: 
     15:     HASH_TABLE_CTOR(hashTable, 100, sumASCIIcodes, &dump);
=>   16:     fillHashTable(&hashTable, "warAndPeace.txt");
     17: 
     18:     return 0;

--------------------------------------------------
Developed with:

The Dumb Artist Library (TX Library)
TXLib [Ver: 00173a, Rev: 174, Date: 2025-08-17 06:00:49 +0400]
Copyright (C) Ded (Ilya Dedinsky, http://txlib.ru) <mail@txlib.ru>
See license on: http://txlib.ru

TXLib file:	C:\Users\Admin\Downloads\CodeBlocks\TX\TXLib.h
Compiled:	Apr 12 2026 20:24:38, GNU g++ 13.2.0, std=201703L, MinGW-W64 Runtime 11.0.1 (alpha - rev. 0) 0000-00-00, 64-bit, DEBUG
Started:	Apr 12 2026 21:01:23

Run file:	C:\Users\Admin\Desktop\prodva\hashTable\build\program.exe
Directory:	C:\Users\Admin\Desktop\prodva\hashTable

--------------------------------------------------

--------------------------------------------------
TXLib соболезнует...

Программа: C:\Users\Admin\Desktop\prodva\hashTable\build\program.exe,

ВНЕЗАПНО: signal (11, 0x00): SIGSEGV: Доступ по неверному указателю. Ставьте ассерты! 

Нарушение доступа к памяти.

#1: Исключение EXCEPTION_ACCESS_VIOLATION (0xC0000005) при выполнении кода по адресу 0x00007FF71DFB685A в функции listHead() в файле C:/Users/Admin/Desktop/prodva/hashTable/src/structAccessFuctions.cpp на строке 9. Попытка прочесть данные по адресу 0x0000000000000004 в модуле C:\Users\Admin\Desktop\prodva\hashTable\build\program.exe. Спасибо _txVectoredExceptionHandler(), что сообщил. Люблю его <3

С помощью функции signal() вы можете сами обработать эту ошибку.

#2: TXLib [Ver: 00173a, Rev: 174, Date: 2025-08-17 06:00:49 +0400], Instance: 0x00007FF71DFE3850 (64-bit), Flags: Cmdre0, Thread: 0x37F08 (Main). 

--------------------------------------------------
Стек вызовов:

# 0 0x00007FF71DFB685A in C:\Users\Admin\Desktop\prodva\hashTable\build\program.exe: listHead() at C:/Users/Admin/Desktop/prodva/hashTable/src/structAccessFuctions.cpp:9:

      7: int* listHead (list_t* lst) {
      8:     assert(lst);
=>    9:     return &(((lst->nodeArr)[0]).next);
     10: }
     11: 

# 1 0x00007FF71DFB5165 in C:\Users\Admin\Desktop\prodva\hashTable\build\program.exe: findWordInList() at C:/Users/Admin/Desktop/prodva/hashTable/src/listFunctions.cpp:860:

    858:     assert(searchWord);
    859: 
=>  860:     for (int curNode = *listHead(lst); curNode != 0; curNode = *listNext(lst, curNode)) {
    861:         if (wordLen != *listNodeWordLen(lst, (size_t)curNode)) continue;
    862: 

# 2 0x00007FF71DF82B11 in C:\Users\Admin\Desktop\prodva\hashTable\build\program.exe: fillHashTable() at C:/Users/Admin/Desktop/prodva/hashTable/src/hashTableFunctions.cpp:315:

    313:         list_t* curList = *hashTableList(hashTable, wordHash);
    314: 
=>  315:         int wordNodeNum = findWordInList(curList, wordBuf, wordLen);
    316: 
    317:         if (wordNodeNum == CAN_NOT_FIND_WORD) {

# 3 0x00007FF71DFB6811 in C:\Users\Admin\Desktop\prodva\hashTable\build\program.exe: main() at C:/Users/Admin/Desktop/prodva/hashTable/src/main.cpp:16:

     14: 
     15:     HASH_TABLE_CTOR(hashTable, 100, sumASCIIcodes, &dump);
=>   16:     fillHashTable(&hashTable, "warAndPeace.txt");
     17: 
     18:     return 0;

--------------------------------------------------
Developed with:

The Dumb Artist Library (TX Library)
TXLib [Ver: 00173a, Rev: 174, Date: 2025-08-17 06:00:49 +0400]
Copyright (C) Ded (Ilya Dedinsky, http://txlib.ru) <mail@txlib.ru>
See license on: http://txlib.ru

TXLib file:	C:\Users\Admin\Downloads\CodeBlocks\TX\TXLib.h
Compiled:	Apr 12 2026 20:24:38, GNU g++ 13.2.0, std=201703L, MinGW-W64 Runtime 11.0.1 (alpha - rev. 0) 0000-00-00, 64-bit, DEBUG
Started:	Apr 12 2026 21:01:23

Run file:	C:\Users\Admin\Desktop\prodva\hashTable\build\program.exe
Directory:	C:\Users\Admin\Desktop\prodva\hashTable

--------------------------------------------------

--------------------------------------------------
TXLib соболезнует...

Программа: C:\Users\Admin\Desktop\prodva\hashTable\build\program.exe,

ВНЕЗАПНО: signal (22, 0x00): SIGABRT: Аварийное завершение программы, вызвана функция abort(). 

С помощью функции signal() вы можете сами обработать эту ошибку.

#1: TXLib [Ver: 00173a, Rev: 174, Date: 2025-08-17 06:00:49 +0400], Instance: 0x00007FF642EC3850 (64-bit), Flags: Cmdre0, Thread: 0x3BFD4 (Main). 

--------------------------------------------------
Стек вызовов:

# 0 0x00007FF642E74A4C in C:\Users\Admin\Desktop\prodva\hashTable\build\program.exe: (anonymous namespace)::TX::_txError() at C:/Users/Admin/Downloads/CodeBlocks/TX/TXLib.h:11090
# 1 0x00007FF642E74FB4 in C:\Users\Admin\Desktop\prodva\hashTable\build\program.exe: (anonymous namespace)::TX::_txOnSignal() at C:/Users/Admin/Downloads/CodeBlocks/TX/TXLib.h:11171
# 2 0x00007FF94FFF1989 in C:\WINDOWS\System32\ucrtbase.dll: raise()
# 3 0x00007FF94FFD4AB1 in C:\WINDOWS\System32\ucrtbase.dll: abort()
# 4 0x00007FF94FF91049 in C:\WINDOWS\System32\ucrtbase.dll: isctype_l()
# 5 0x00007FF94FFF2AE1 in C:\WINDOWS\System32\ucrtbase.dll: assert()

# 6 0x00007FF642E9512F in C:\Users\Admin\Desktop\prodva\hashTable\build\program.exe: findWordInList() at C:/Users/Admin/Desktop/prodva/hashTable/src/listFunctions.cpp:857:

    855: 
    856: int findWordInList(list_t* lst, const char* searchWord, size_t wordLen) {
=>  857:     assert(lst);
    858:     assert(searchWord);
    859: 

# 7 0x00007FF642E62B11 in C:\Users\Admin\Desktop\prodva\hashTable\build\program.exe: fillHashTable() at C:/Users/Admin/Desktop/prodva/hashTable/src/hashTableFunctions.cpp:315:

    313:         list_t* curList = *hashTableList(hashTable, wordHash);
    314: 
=>  315:         int wordNodeNum = findWordInList(curList, wordBuf, wordLen);
    316: 
    317:         if (wordNodeNum == CAN_NOT_FIND_WORD) {

# 8 0x00007FF642E96801 in C:\Users\Admin\Desktop\prodva\hashTable\build\program.exe: main() at C:/Users/Admin/Desktop/prodva/hashTable/src/main.cpp:17:

     15: 
     16:     HASH_TABLE_CTOR(hashTable, 100, sumASCIIcodes, &dump);
=>   17:     fillHashTable(&hashTable, "warAndPeace.txt");
     18: 
     19:     hashTableDtor(&hashTable, *hashTableArrSize(&hashTable));

--------------------------------------------------
Developed with:

The Dumb Artist Library (TX Library)
TXLib [Ver: 00173a, Rev: 174, Date: 2025-08-17 06:00:49 +0400]
Copyright (C) Ded (Ilya Dedinsky, http://txlib.ru) <mail@txlib.ru>
See license on: http://txlib.ru

TXLib file:	C:\Users\Admin\Downloads\CodeBlocks\TX\TXLib.h
Compiled:	Apr 12 2026 21:17:01, GNU g++ 13.2.0, std=201703L, MinGW-W64 Runtime 11.0.1 (alpha - rev. 0) 0000-00-00, 64-bit, DEBUG
Started:	Apr 12 2026 21:19:20

Run file:	C:\Users\Admin\Desktop\prodva\hashTable\build\program.exe
Directory:	C:\Users\Admin\Desktop\prodva\hashTable

--------------------------------------------------

--------------------------------------------------
TXLib соболезнует...

Программа: C:\Users\Admin\Desktop\prodva\hashTable\build\program.exe,

ВНЕЗАПНО: signal (22, 0x00): SIGABRT: Аварийное завершение программы, вызвана функция abort(). 

С помощью функции signal() вы можете сами обработать эту ошибку.

#1: TXLib [Ver: 00173a, Rev: 174, Date: 2025-08-17 06:00:49 +0400], Instance: 0x00007FF6E1DD3850 (64-bit), Flags: Cmdre0, Thread: 0x3CED0 (Main). 

--------------------------------------------------
Стек вызовов:

# 0 0x00007FF6E1D84A4C in C:\Users\Admin\Desktop\prodva\hashTable\build\program.exe: (anonymous namespace)::TX::_txError() at C:/Users/Admin/Downloads/CodeBlocks/TX/TXLib.h:11090
# 1 0x00007FF6E1D84FB4 in C:\Users\Admin\Desktop\prodva\hashTable\build\program.exe: (anonymous namespace)::TX::_txOnSignal() at C:/Users/Admin/Downloads/CodeBlocks/TX/TXLib.h:11171
# 2 0x00007FF94FFF1989 in C:\WINDOWS\System32\ucrtbase.dll: raise()
# 3 0x00007FF94FFD4AB1 in C:\WINDOWS\System32\ucrtbase.dll: abort()
# 4 0x00007FF94FF91049 in C:\WINDOWS\System32\ucrtbase.dll: isctype_l()
# 5 0x00007FF94FFF2AE1 in C:\WINDOWS\System32\ucrtbase.dll: assert()

# 6 0x00007FF6E1DA512F in C:\Users\Admin\Desktop\prodva\hashTable\build\program.exe: findWordInList() at C:/Users/Admin/Desktop/prodva/hashTable/src/listFunctions.cpp:857:

    855: 
    856: int findWordInList(list_t* lst, const char* searchWord, size_t wordLen) {
=>  857:     assert(lst);
    858:     assert(searchWord);
    859: 

# 7 0x00007FF6E1D72B11 in C:\Users\Admin\Desktop\prodva\hashTable\build\program.exe: fillHashTable() at C:/Users/Admin/Desktop/prodva/hashTable/src/hashTableFunctions.cpp:315:

    313:         list_t* curList = *hashTableList(hashTable, wordHash);
    314: 
=>  315:         int wordNodeNum = findWordInList(curList, wordBuf, wordLen);
    316: 
    317:         if (wordNodeNum == CAN_NOT_FIND_WORD) {

# 8 0x00007FF6E1DA6821 in C:\Users\Admin\Desktop\prodva\hashTable\build\program.exe: main() at C:/Users/Admin/Desktop/prodva/hashTable/src/main.cpp:17:

     15: 
     16:     HASH_TABLE_CTOR(hashTable, 100, sumASCIIcodes, &dump);
=>   17:     fillHashTable(&hashTable, "warAndPeace.txt");
     18: 
     19:     hashTableDtor(&hashTable, *hashTableArrSize(&hashTable));

--------------------------------------------------
Developed with:

The Dumb Artist Library (TX Library)
TXLib [Ver: 00173a, Rev: 174, Date: 2025-08-17 06:00:49 +0400]
Copyright (C) Ded (Ilya Dedinsky, http://txlib.ru) <mail@txlib.ru>
See license on: http://txlib.ru

TXLib file:	C:\Users\Admin\Downloads\CodeBlocks\TX\TXLib.h
Compiled:	Apr 12 2026 21:20:48, GNU g++ 13.2.0, std=201703L, MinGW-W64 Runtime 11.0.1 (alpha - rev. 0) 0000-00-00, 64-bit, DEBUG
Started:	Apr 12 2026 21:20:54

Run file:	C:\Users\Admin\Desktop\prodva\hashTable\build\program.exe
Directory:	C:\Users\Admin\Desktop\prodva\hashTable

--------------------------------------------------

--------------------------------------------------
TXLib предупреждает:

Программа: C:\Users\Admin\Desktop\prodva\hashTable\build\program.exe,

ВНЕЗАПНО: Нарушение доступа к памяти.

#1: Исключение EXCEPTION_ACCESS_VIOLATION (0xC0000005) при выполнении кода по адресу 0x00007FF95001D130 в функции strlen(). Попытка прочесть данные по адресу 0x0000000000000001 в модуле C:\WINDOWS\System32\ucrtbase.dll. Спасибо _txVectoredExceptionHandler(), что сообщил. Люблю его <3

#1: TXLib [Ver: 00173a, Rev: 174, Date: 2025-08-17 06:00:49 +0400], Instance: 0x00007FF67E403850 (64-bit), Flags: Cmdre0, Thread: 0x39068 (Main). 

--------------------------------------------------
Стек вызовов:

# 0 0x00007FF95001D130 in C:\WINDOWS\System32\ucrtbase.dll: strlen()
# 2 0x00007FF67E3DB0CF in C:\Users\Admin\Desktop\prodva\hashTable\build\program.exe: __mingw_pformat()
# 3 0x00007FF67E3D896A in C:\Users\Admin\Desktop\prodva\hashTable\build\program.exe: __mingw_vfprintf()

# 4 0x00007FF67E3E2277 in C:\Users\Admin\Desktop\prodva\hashTable\build\program.exe: fprintf() at C:/Strawberry/c/x86_64-w64-mingw32/include/stdio.h:364:

    362:   int __retval;
    363:   __builtin_va_list __local_argv; __builtin_va_start( __local_argv, __format );
=>  364:   __retval = __mingw_vfprintf( __stream, __format, __local_argv );
    365:   __builtin_va_end( __local_argv );
    366:   return __retval;

# 5 0x00007FF67E3D3363 in C:\Users\Admin\Desktop\prodva\hashTable\build\program.exe: fprintfListDataForDump() at C:/Users/Admin/Desktop/prodva/hashTable/src/listFunctions.cpp:330:

    328:     fprintf(dumpFile, "word:          ");
    329:     for (size_t numOfNode = 0; numOfNode < lst->capacity; numOfNode++)
=>  330:         fprintf(dumpFile, "[ %15s ]", *(listNodeWord(lst, numOfNode)));
    331:     fprintf(dumpFile, "\n");
    332: 

# 6 0x00007FF67E3A23C2 in C:\Users\Admin\Desktop\prodva\hashTable\build\program.exe: fprintfHashTableErrorsForDump() at C:/Users/Admin/Desktop/prodva/hashTable/src/hashTableFunctions.cpp:208:

    206: 
    207:         if(!(curList->errorCode & -lstBAD_CAPACITY)) {
=>  208:             fprintfListDataForDump (curList, dumpFile);
    209:             createLstGraphImageForDump (curList, dumpFile, (*hashTableDumpStruct(hashTable))->nameOfGraphFile);
    210:         }

# 7 0x00007FF67E3A1F48 in C:\Users\Admin\Desktop\prodva\hashTable\build\program.exe: hashTableDump() at C:/Users/Admin/Desktop/prodva/hashTable/src/hashTableFunctions.cpp:140:

    138: 
    139:     fprintfHashTableDataForDump(hashTable, dumpFile);
=>  140:     fprintfHashTableErrorsForDump(hashTable, dumpFile);
    141: 
    142:     fprintf(dumpFile, "<h2><font color=orange>GRAPH OF THE HASH TABLE:</font></h2>\n");

# 8 0x00007FF67E3A2CEA in C:\Users\Admin\Desktop\prodva\hashTable\build\program.exe: fillHashTable() at C:/Users/Admin/Desktop/prodva/hashTable/src/hashTableFunctions.cpp:342:

    340:         hashTableDump (hashTable, "Verifier signal AFTER filling the hashTable");
    341: 
=>  342:     hashTableDump(hashTable, "MY DUMP AFTER");
    343: 
    344:     return 0;

# 9 0x00007FF67E3D6841 in C:\Users\Admin\Desktop\prodva\hashTable\build\program.exe: main() at C:/Users/Admin/Desktop/prodva/hashTable/src/main.cpp:17:

     15: 
     16:     HASH_TABLE_CTOR(hashTable, 100, sumASCIIcodes, &dump);
=>   17:     fillHashTable(&hashTable, "warAndPeace.txt");
     18: 
     19:     hashTableDtor(&hashTable, *hashTableArrSize(&hashTable));

--------------------------------------------------
Developed with:

The Dumb Artist Library (TX Library)
TXLib [Ver: 00173a, Rev: 174, Date: 2025-08-17 06:00:49 +0400]
Copyright (C) Ded (Ilya Dedinsky, http://txlib.ru) <mail@txlib.ru>
See license on: http://txlib.ru

TXLib file:	C:\Users\Admin\Downloads\CodeBlocks\TX\TXLib.h
Compiled:	Apr 12 2026 21:20:48, GNU g++ 13.2.0, std=201703L, MinGW-W64 Runtime 11.0.1 (alpha - rev. 0) 0000-00-00, 64-bit, DEBUG
Started:	Apr 12 2026 21:26:26

Run file:	C:\Users\Admin\Desktop\prodva\hashTable\build\program.exe
Directory:	C:\Users\Admin\Desktop\prodva\hashTable

--------------------------------------------------

--------------------------------------------------
TXLib соболезнует...

Программа: C:\Users\Admin\Desktop\prodva\hashTable\build\program.exe,

ВНЕЗАПНО: signal (11, 0x00): SIGSEGV: Доступ по неверному указателю. Ставьте ассерты! 

Нарушение доступа к памяти.

#1: Исключение EXCEPTION_ACCESS_VIOLATION (0xC0000005) при выполнении кода по адресу 0x00007FF95001D130 в функции strlen(). Попытка прочесть данные по адресу 0x0000000000000001 в модуле C:\WINDOWS\System32\ucrtbase.dll. Спасибо _txVectoredExceptionHandler(), что сообщил. Люблю его <3

С помощью функции signal() вы можете сами обработать эту ошибку.

#2: TXLib [Ver: 00173a, Rev: 174, Date: 2025-08-17 06:00:49 +0400], Instance: 0x00007FF67E403850 (64-bit), Flags: Cmdre0, Thread: 0x39068 (Main). 

--------------------------------------------------
Стек вызовов:

# 0 0x00007FF95001D130 in C:\WINDOWS\System32\ucrtbase.dll: strlen()
# 2 0x00007FF67E3DB0CF in C:\Users\Admin\Desktop\prodva\hashTable\build\program.exe: __mingw_pformat()
# 3 0x00007FF67E3D896A in C:\Users\Admin\Desktop\prodva\hashTable\build\program.exe: __mingw_vfprintf()

# 4 0x00007FF67E3E2277 in C:\Users\Admin\Desktop\prodva\hashTable\build\program.exe: fprintf() at C:/Strawberry/c/x86_64-w64-mingw32/include/stdio.h:364:

    362:   int __retval;
    363:   __builtin_va_list __local_argv; __builtin_va_start( __local_argv, __format );
=>  364:   __retval = __mingw_vfprintf( __stream, __format, __local_argv );
    365:   __builtin_va_end( __local_argv );
    366:   return __retval;

# 5 0x00007FF67E3D3363 in C:\Users\Admin\Desktop\prodva\hashTable\build\program.exe: fprintfListDataForDump() at C:/Users/Admin/Desktop/prodva/hashTable/src/listFunctions.cpp:330:

    328:     fprintf(dumpFile, "word:          ");
    329:     for (size_t numOfNode = 0; numOfNode < lst->capacity; numOfNode++)
=>  330:         fprintf(dumpFile, "[ %15s ]", *(listNodeWord(lst, numOfNode)));
    331:     fprintf(dumpFile, "\n");
    332: 

# 6 0x00007FF67E3A23C2 in C:\Users\Admin\Desktop\prodva\hashTable\build\program.exe: fprintfHashTableErrorsForDump() at C:/Users/Admin/Desktop/prodva/hashTable/src/hashTableFunctions.cpp:208:

    206: 
    207:         if(!(curList->errorCode & -lstBAD_CAPACITY)) {
=>  208:             fprintfListDataForDump (curList, dumpFile);
    209:             createLstGraphImageForDump (curList, dumpFile, (*hashTableDumpStruct(hashTable))->nameOfGraphFile);
    210:         }

# 7 0x00007FF67E3A1F48 in C:\Users\Admin\Desktop\prodva\hashTable\build\program.exe: hashTableDump() at C:/Users/Admin/Desktop/prodva/hashTable/src/hashTableFunctions.cpp:140:

    138: 
    139:     fprintfHashTableDataForDump(hashTable, dumpFile);
=>  140:     fprintfHashTableErrorsForDump(hashTable, dumpFile);
    141: 
    142:     fprintf(dumpFile, "<h2><font color=orange>GRAPH OF THE HASH TABLE:</font></h2>\n");

# 8 0x00007FF67E3A2CEA in C:\Users\Admin\Desktop\prodva\hashTable\build\program.exe: fillHashTable() at C:/Users/Admin/Desktop/prodva/hashTable/src/hashTableFunctions.cpp:342:

    340:         hashTableDump (hashTable, "Verifier signal AFTER filling the hashTable");
    341: 
=>  342:     hashTableDump(hashTable, "MY DUMP AFTER");
    343: 
    344:     return 0;

# 9 0x00007FF67E3D6841 in C:\Users\Admin\Desktop\prodva\hashTable\build\program.exe: main() at C:/Users/Admin/Desktop/prodva/hashTable/src/main.cpp:17:

     15: 
     16:     HASH_TABLE_CTOR(hashTable, 100, sumASCIIcodes, &dump);
=>   17:     fillHashTable(&hashTable, "warAndPeace.txt");
     18: 
     19:     hashTableDtor(&hashTable, *hashTableArrSize(&hashTable));

--------------------------------------------------
Developed with:

The Dumb Artist Library (TX Library)
TXLib [Ver: 00173a, Rev: 174, Date: 2025-08-17 06:00:49 +0400]
Copyright (C) Ded (Ilya Dedinsky, http://txlib.ru) <mail@txlib.ru>
See license on: http://txlib.ru

TXLib file:	C:\Users\Admin\Downloads\CodeBlocks\TX\TXLib.h
Compiled:	Apr 12 2026 21:20:48, GNU g++ 13.2.0, std=201703L, MinGW-W64 Runtime 11.0.1 (alpha - rev. 0) 0000-00-00, 64-bit, DEBUG
Started:	Apr 12 2026 21:26:25

Run file:	C:\Users\Admin\Desktop\prodva\hashTable\build\program.exe
Directory:	C:\Users\Admin\Desktop\prodva\hashTable

--------------------------------------------------
